#
# A fatal error has been detected by the Java Runtime Environment:
#
#  EXCEPTION_ACCESS_VIOLATION (0xc0000005) at pc=0x000001d287aed668, pid=50696, tid=38196
#
# JRE version: OpenJDK Runtime Environment (22.0.2+9) (build 22.0.2+9-70)
# Java VM: OpenJDK 64-Bit Server VM (22.0.2+9-70, mixed mode, sharing, tiered, compressed oops, compressed class ptrs, g1 gc, windows-amd64)
# Problematic frame:
# C  0x000001d287aed668
#
# No core dump will be written. Minidumps are not enabled by default on client versions of Windows
#
# If you would like to submit a bug report, please visit:
#   https://bugreport.java.com/bugreport/crash.jsp
# The crash happened outside the Java Virtual Machine in native code.
# See problematic frame for where to report the bug.
#

---------------  S U M M A R Y ------------

Command Line: -agentlib:jdwp=transport=dt_socket,address=127.0.0.1:60339,suspend=y,server=n -javaagent:C:\Users\samkr\AppData\Local\JetBrains\IdeaIC2024.2\captureAgent\debugger-agent.jar -Dkotlinx.coroutines.debug.enable.creation.stack.trace=false -Ddebugger.agent.enable.coroutines=true -Dfile.encoding=UTF-8 -Dsun.stdout.encoding=UTF-8 -Dsun.stderr.encoding=UTF-8 com.github.jacksonhoggard.voodoo2d.game.Main

Host: AMD Ryzen 7 5700U with Radeon Graphics         , 16 cores, 15G,  Windows 11 , 64 bit Build 26100 (10.0.26100.3775)
Time: Sun Apr 13 15:09:11 2025 Central Daylight Time elapsed time: 3.069513 seconds (0d 0h 0m 3s)

---------------  T H R E A D  ---------------

Current thread (0x000001d2e5d16ec0):  JavaThread "main"             [_thread_in_native, id=38196, stack(0x00000093f2600000,0x00000093f2700000) (1024K)]

Stack: [0x00000093f2600000,0x00000093f2700000],  sp=0x00000093f26fe658,  free space=1017k
Native frames: (J=compiled Java code, j=interpreted, Vv=VM code, C=native code)
C  0x000001d287aed668  (no source info available)

Java frames: (J=compiled Java code, j=interpreted, Vv=VM code)
j  org.lwjgl.opengl.GL11.glEnable(I)V+1
j  com.github.jacksonhoggard.voodoo2d.engine.Window.init()V+320
j  com.github.jacksonhoggard.voodoo2d.engine.GameEngine.init()V+12
j  com.github.jacksonhoggard.voodoo2d.engine.GameEngine.run()V+1
j  com.github.jacksonhoggard.voodoo2d.game.Main.main([Ljava/lang/String;)V+38
v  ~StubRoutines::call_stub 0x000001d2f70d100d

siginfo: EXCEPTION_ACCESS_VIOLATION (0xc0000005), data execution prevention violation at address 0x000001d287aed668


Registers:
RAX=0x000001d2d64ad660, RBX=0x000001d2875087c0, RCX=0x000001d2e5d17280, RDX=0x000001d2875087c0
RSP=0x00000093f26fe658, RBP=0x0000000000000002, RSI=0x00000093f26fe700, RDI=0x000001d2e5d17280
R8 =0x0000000000010002, R9 =0x0000000000000000, R10=0x00007ff991fa0000, R11=0x00000093f26fe628
R12=0x0000000000000007, R13=0x000001d2875087c0, R14=0x00007ff976790400, R15=0x0000000000000000
RIP=0x000001d287aed668, EFLAGS=0x0000000000010206


Register to memory mapping:

RAX=0x000001d2d64ad660 points into unknown readable memory: 0x0000000000000000 | 00 00 00 00 00 00 00 00
RBX=0x000001d2875087c0 points into unknown readable memory: 0x0000000719c09b38 | 38 9b c0 19 07 00 00 00
RCX=0x000001d2e5d17280 points into unknown readable memory: 0x000001d2d64ad660 | 60 d6 4a d6 d2 01 00 00
RDX=0x000001d2875087c0 points into unknown readable memory: 0x0000000719c09b38 | 38 9b c0 19 07 00 00 00
RSP=0x00000093f26fe658 is pointing into the stack for thread: 0x000001d2e5d16ec0
RBP=0x0000000000000002 is an unknown value
RSI=0x00000093f26fe700 is pointing into the stack for thread: 0x000001d2e5d16ec0
RDI=0x000001d2e5d17280 points into unknown readable memory: 0x000001d2d64ad660 | 60 d6 4a d6 d2 01 00 00
R8 =0x0000000000010002 is an unknown value
R9 =0x0 is null
R10=0x00007ff991fa0000 VCRUNTIME140.dll
R11=0x00000093f26fe628 is pointing into the stack for thread: 0x000001d2e5d16ec0
R12=0x0000000000000007 is an unknown value
R13=0x000001d2875087c0 points into unknown readable memory: 0x0000000719c09b38 | 38 9b c0 19 07 00 00 00
R14=0x00007ff976790400 jdwp.dll
R15=0x0 is null

Top of Stack: (sp=0x00000093f26fe658)
0x00000093f26fe658:   00007ff9767761bf 000001d2875087c0
0x00000093f26fe668:   00000093f26fe700 0000000000000000
0x00000093f26fe678:   0000000000000000 0000000200000007
0x00000093f26fe688:   000001d287b9a1e0 000001d2e5d05970
0x00000093f26fe698:   00007ff976790428 000001d2e5d174a0
0x00000093f26fe6a8:   00007ff97677283f 000001d2875087c0
0x00000093f26fe6b8:   0000000000000002 000001d2e5d17280
0x00000093f26fe6c8:   000001d2875087c8 00000093f26fe8c0
0x00000093f26fe6d8:   000001d2cd19e800 00000005d6470100
0x00000093f26fe6e8:   000001d289036600 0000000000000000
0x00000093f26fe6f8:   0000000bffffffff 0000000000000007
0x00000093f26fe708:   000001d2875087c0 0000000000000000
0x00000093f26fe718:   000001d2875087c8 0000000000000000
0x00000093f26fe728:   0000000000000000 0000000000000000
0x00000093f26fe738:   0000000000000000 0000000000000000
0x00000093f26fe748:   0000000000000000 0000000000000000
0x00000093f26fe758:   000001d2e5d174a0 000001d289036600
0x00000093f26fe768:   00007ff8b92f04e7 000001d2875087c8
0x00000093f26fe778:   000001d287c0b5e0 000001d2e5d16ec0
0x00000093f26fe788:   00007ff8b8fe5c22 000082214f207e25
0x00000093f26fe798:   000001d2e5fcc9b0 000001d289036600
0x00000093f26fe7a8:   000001d2c95ee0e0 00000093f26fe840
0x00000093f26fe7b8:   00007ff8b8fe24d0 000001d289036600
0x00000093f26fe7c8:   0000000000000000 000001d2e5d90a40
0x00000093f26fe7d8:   000001d2e5d17530 000001d2e5d17540
0x00000093f26fe7e8:   000001d2e5d17918 00000000000003d8
0x00000093f26fe7f8:   000001d2e5d16ec0 000001d2e5d16ec0
0x00000093f26fe808:   000001d2e5d914c0 000001d2e5ce9b60
0x00000093f26fe818:   000001d2e5ce9b80 000001d2e5ce9c48
0x00000093f26fe828:   00000000000000d8 00000093f26fe840
0x00000093f26fe838:   00007ff8b8fdc758 000001d2e5d16ec0
0x00000093f26fe848:   000001d2e5d914c0 000001d2e5ce9b60 

Instructions: (pc=0x000001d287aed668)
0x000001d287aed568:   38 d6 ae 87 d2 01 00 00 00 00 00 00 00 00 00 00
0x000001d287aed578:   00 00 00 00 00 00 00 00 ff ff ff ff 00 00 00 00
0x000001d287aed588:   b5 10 02 00 00 00 00 00 f8 27 70 b9 f8 7f 00 00
0x000001d287aed598:   ff ff ff ff 00 00 00 00 00 00 00 00 00 00 00 00
0x000001d287aed5a8:   00 00 00 00 00 00 00 00 68 af 46 d6 d2 01 00 00
0x000001d287aed5b8:   70 78 58 d6 d2 01 00 00 00 0d 00 00 00 00 00 00
0x000001d287aed5c8:   c0 81 58 d6 d2 01 00 00 00 0d 00 00 00 00 00 00
0x000001d287aed5d8:   30 75 58 d6 d2 01 00 00 00 0d 00 00 00 00 00 00
0x000001d287aed5e8:   d0 76 58 d6 d2 01 00 00 00 0d 00 00 00 00 00 00
0x000001d287aed5f8:   00 00 00 00 00 00 00 00 00 00 00 00 00 00 00 00
0x000001d287aed608:   00 00 00 00 00 00 00 00 fe 2c 00 00 06 2d 00 00
0x000001d287aed618:   48 0b af 87 d2 01 00 00 00 00 00 00 00 00 00 00
0x000001d287aed628:   00 00 00 00 00 00 00 00 00 00 00 00 00 00 00 00
0x000001d287aed638:   00 00 00 00 00 00 00 00 03 00 00 00 00 00 00 00
0x000001d287aed648:   00 00 00 00 00 00 00 00 00 00 00 00 00 00 00 00
0x000001d287aed658:   68 d6 ae 87 d2 01 00 00 00 00 00 00 00 00 00 00
0x000001d287aed668:   68 e9 70 b9 f8 7f 00 00 50 0d 00 00 00 00 00 00
0x000001d287aed678:   00 20 00 00 f8 7f 00 00 e0 5c 98 b9 f8 7f 00 00
0x000001d287aed688:   b8 2d af 87 d2 01 00 00 00 00 00 00 00 00 00 00
0x000001d287aed698:   ff ff ff ff ff ff ff ff 00 00 00 00 d2 01 00 00
0x000001d287aed6a8:   00 00 00 00 00 00 00 00 00 00 00 00 00 00 00 00
0x000001d287aed6b8:   00 00 00 00 00 00 00 00 68 d6 ae 87 d2 01 00 00
0x000001d287aed6c8:   78 29 af 87 d2 01 00 00 5b 03 00 00 16 00 00 00
0x000001d287aed6d8:   03 00 00 00 0d 02 00 00 32 00 00 00 01 00 00 00
0x000001d287aed6e8:   01 00 00 00 60 08 00 00 02 00 00 00 00 00 00 00
0x000001d287aed6f8:   28 d8 ae 87 d2 01 00 00 03 00 00 00 00 00 00 00
0x000001d287aed708:   02 00 00 00 04 00 00 00 50 01 0d cd d2 01 00 00
0x000001d287aed718:   00 00 00 00 00 00 00 00 02 00 00 00 02 00 00 00
0x000001d287aed728:   10 d8 ae 87 d2 01 00 00 00 00 00 00 00 00 00 00
0x000001d287aed738:   48 0b af 87 d2 01 00 00 48 d1 c2 87 d2 01 00 00
0x000001d287aed748:   00 00 00 00 01 00 00 00 20 d8 ae 87 d2 01 00 00
0x000001d287aed758:   00 00 00 00 00 00 00 00 00 00 00 00 00 00 00 00 


Stack slot to memory mapping:

stack at sp + 0 slots: 0x00007ff9767761bf jdwp.dll
stack at sp + 1 slots: 0x000001d2875087c0 points into unknown readable memory: 0x0000000719c09b38 | 38 9b c0 19 07 00 00 00
stack at sp + 2 slots: 0x00000093f26fe700 is pointing into the stack for thread: 0x000001d2e5d16ec0
stack at sp + 3 slots: 0x0 is null
stack at sp + 4 slots: 0x0 is null
stack at sp + 5 slots: 0x0000000200000007 is an unknown value
stack at sp + 6 slots: 0x000001d287b9a1e0 points into unknown readable memory: 0x000001d2f7820a10 | 10 0a 82 f7 d2 01 00 00
stack at sp + 7 slots: 0x000001d2e5d05970 points into unknown readable memory: 0x8000001200000001 | 01 00 00 00 12 00 00 80


---------------  P R O C E S S  ---------------

Threads class SMR info:
_java_thread_list=0x000001d287d37aa0, length=18, elements={
0x000001d2e5d16ec0, 0x000001d287520880, 0x000001d287522000, 0x000001d2875265a0,
0x000001d287527490, 0x000001d287528c10, 0x000001d28752e4d0, 0x000001d287aa39c0,
0x000001d287ac6130, 0x000001d287bdb240, 0x000001d287bed800, 0x000001d287bee100,
0x000001d287d7a7a0, 0x000001d287c94220, 0x000001d287d123e0, 0x000001d287d51910,
0x000001d2cd11e2e0, 0x000001d2d64ae120
}

Java Threads: ( => current thread )
=>0x000001d2e5d16ec0 JavaThread "main"                              [_thread_in_native, id=38196, stack(0x00000093f2600000,0x00000093f2700000) (1024K)]
  0x000001d287520880 JavaThread "Reference Handler"          daemon [_thread_blocked, id=9000, stack(0x00000093f2e00000,0x00000093f2f00000) (1024K)]
  0x000001d287522000 JavaThread "Finalizer"                  daemon [_thread_blocked, id=30828, stack(0x00000093f2f00000,0x00000093f3000000) (1024K)]
  0x000001d2875265a0 JavaThread "Signal Dispatcher"          daemon [_thread_blocked, id=46292, stack(0x00000093f3000000,0x00000093f3100000) (1024K)]
  0x000001d287527490 JavaThread "Attach Listener"            daemon [_thread_blocked, id=47956, stack(0x00000093f3100000,0x00000093f3200000) (1024K)]
  0x000001d287528c10 JavaThread "Service Thread"             daemon [_thread_blocked, id=15544, stack(0x00000093f3200000,0x00000093f3300000) (1024K)]
  0x000001d28752e4d0 JavaThread "Monitor Deflation Thread"   daemon [_thread_blocked, id=25252, stack(0x00000093f3300000,0x00000093f3400000) (1024K)]
  0x000001d287aa39c0 JavaThread "C2 CompilerThread0"         daemon [_thread_blocked, id=38136, stack(0x00000093f3400000,0x00000093f3500000) (1024K)]
  0x000001d287ac6130 JavaThread "C1 CompilerThread0"         daemon [_thread_blocked, id=34040, stack(0x00000093f3500000,0x00000093f3600000) (1024K)]
  0x000001d287bdb240 JavaThread "Common-Cleaner"             daemon [_thread_blocked, id=26100, stack(0x00000093f3600000,0x00000093f3700000) (1024K)]
  0x000001d287bed800 JavaThread "C1 CompilerThread1"         daemon [_thread_blocked, id=43592, stack(0x00000093f3700000,0x00000093f3800000) (1024K)]
  0x000001d287bee100 JavaThread "C1 CompilerThread2"         daemon [_thread_blocked, id=30948, stack(0x00000093f3800000,0x00000093f3900000) (1024K)]
  0x000001d287d7a7a0 JavaThread "JDWP Transport Listener: dt_socket" daemon [_thread_blocked, id=50928, stack(0x00000093f3900000,0x00000093f3a00000) (1024K)]
  0x000001d287c94220 JavaThread "JDWP Event Helper Thread"   daemon [_thread_blocked, id=12468, stack(0x00000093f3a00000,0x00000093f3b00000) (1024K)]
  0x000001d287d123e0 JavaThread "JDWP Command Reader"        daemon [_thread_in_native, id=25472, stack(0x00000093f3b00000,0x00000093f3c00000) (1024K)]
  0x000001d287d51910 JavaThread "Notification Thread"        daemon [_thread_blocked, id=18540, stack(0x00000093f3c00000,0x00000093f3d00000) (1024K)]
  0x000001d2cd11e2e0 JavaThread "C1 CompilerThread3"         daemon [_thread_blocked, id=48264, stack(0x00000093f3d00000,0x00000093f3e00000) (1024K)]
  0x000001d2d64ae120 JavaThread "C2 CompilerThread1"         daemon [_thread_blocked, id=37728, stack(0x00000093f4500000,0x00000093f4600000) (1024K)]
Total: 18

Other Threads:
  0x000001d287506a40 VMThread "VM Thread"                           [id=28704, stack(0x00000093f2d00000,0x00000093f2e00000) (1024K)]
  0x000001d2874ec230 WatcherThread "VM Periodic Task Thread"        [id=48232, stack(0x00000093f2c00000,0x00000093f2d00000) (1024K)]
  0x000001d2e5dddec0 WorkerThread "GC Thread#0"                     [id=36924, stack(0x00000093f2700000,0x00000093f2800000) (1024K)]
  0x000001d2e6064480 ConcurrentGCThread "G1 Main Marker"            [id=53116, stack(0x00000093f2800000,0x00000093f2900000) (1024K)]
  0x000001d2e6064f90 WorkerThread "G1 Conc#0"                       [id=16908, stack(0x00000093f2900000,0x00000093f2a00000) (1024K)]
  0x000001d2873bdbd0 ConcurrentGCThread "G1 Refine#0"               [id=32008, stack(0x00000093f2a00000,0x00000093f2b00000) (1024K)]
  0x000001d2873bf500 ConcurrentGCThread "G1 Service"                [id=43204, stack(0x00000093f2b00000,0x00000093f2c00000) (1024K)]
Total: 7

Threads with active compile tasks:
Total: 0

VM state: not at safepoint (normal execution)

VM Mutex/Monitor currently owned by a thread: None

Heap address: 0x000000070a800000, size: 3928 MB, Compressed Oops mode: Zero based, Oop shift amount: 3

CDS archive(s) mapped at: [0x000001d288000000-0x000001d288c60000-0x000001d288c60000), size 12976128, SharedBaseAddress: 0x000001d288000000, ArchiveRelocationMode: 1.
Compressed class space mapped at: 0x000001d289000000-0x000001d2c9000000, reserved size: 1073741824
Narrow klass base: 0x000001d288000000, Narrow klass shift: 0, Narrow klass range: 0x41000000

GC Precious Log:
 CardTable entry size: 512
 Card Set container configuration: InlinePtr #cards 4 size 8 Array Of Cards #cards 16 size 48 Howl #buckets 8 coarsen threshold 3686 Howl Bitmap #cards 512 size 80 coarsen threshold 460 Card regions per heap region 1 cards per card region 4096
 CPUs: 16 total, 16 available
 Memory: 15706M
 Large Page Support: Disabled
 NUMA Support: Disabled
 Compressed Oops: Enabled (Zero based)
 Heap Region Size: 2M
 Heap Min Capacity: 8M
 Heap Initial Capacity: 246M
 Heap Max Capacity: 3928M
 Pre-touch: Disabled
 Parallel Workers: 13
 Concurrent Workers: 3
 Concurrent Refinement Workers: 13
 Periodic GC: Disabled

Heap:
 garbage-first heap   total reserved 4022272K, committed 251904K, used 20480K [0x000000070a800000, 0x0000000800000000)
  region size 2048K, 12 young (24576K), 0 survivors (0K)
 Metaspace       used 5776K, committed 5952K, reserved 1114112K
  class space    used 316K, committed 384K, reserved 1048576K

Heap Regions: E=young(eden), S=young(survivor), O=old, HS=humongous(starts), HC=humongous(continues), CS=collection set, F=free, TAMS=top-at-mark-start, PB=parsable bottom
|   0|0x000000070a800000, 0x000000070a800000, 0x000000070aa00000|  0%| F|  |TAMS 0x000000070a800000| PB 0x000000070a800000| Untracked |  0
|   1|0x000000070aa00000, 0x000000070aa00000, 0x000000070ac00000|  0%| F|  |TAMS 0x000000070aa00000| PB 0x000000070aa00000| Untracked |  0
|   2|0x000000070ac00000, 0x000000070ac00000, 0x000000070ae00000|  0%| F|  |TAMS 0x000000070ac00000| PB 0x000000070ac00000| Untracked |  0
|   3|0x000000070ae00000, 0x000000070ae00000, 0x000000070b000000|  0%| F|  |TAMS 0x000000070ae00000| PB 0x000000070ae00000| Untracked |  0
|   4|0x000000070b000000, 0x000000070b000000, 0x000000070b200000|  0%| F|  |TAMS 0x000000070b000000| PB 0x000000070b000000| Untracked |  0
|   5|0x000000070b200000, 0x000000070b200000, 0x000000070b400000|  0%| F|  |TAMS 0x000000070b200000| PB 0x000000070b200000| Untracked |  0
|   6|0x000000070b400000, 0x000000070b400000, 0x000000070b600000|  0%| F|  |TAMS 0x000000070b400000| PB 0x000000070b400000| Untracked |  0
|   7|0x000000070b600000, 0x000000070b600000, 0x000000070b800000|  0%| F|  |TAMS 0x000000070b600000| PB 0x000000070b600000| Untracked |  0
|   8|0x000000070b800000, 0x000000070b800000, 0x000000070ba00000|  0%| F|  |TAMS 0x000000070b800000| PB 0x000000070b800000| Untracked |  0
|   9|0x000000070ba00000, 0x000000070ba00000, 0x000000070bc00000|  0%| F|  |TAMS 0x000000070ba00000| PB 0x000000070ba00000| Untracked |  0
|  10|0x000000070bc00000, 0x000000070bc00000, 0x000000070be00000|  0%| F|  |TAMS 0x000000070bc00000| PB 0x000000070bc00000| Untracked |  0
|  11|0x000000070be00000, 0x000000070be00000, 0x000000070c000000|  0%| F|  |TAMS 0x000000070be00000| PB 0x000000070be00000| Untracked |  0
|  12|0x000000070c000000, 0x000000070c000000, 0x000000070c200000|  0%| F|  |TAMS 0x000000070c000000| PB 0x000000070c000000| Untracked |  0
|  13|0x000000070c200000, 0x000000070c200000, 0x000000070c400000|  0%| F|  |TAMS 0x000000070c200000| PB 0x000000070c200000| Untracked |  0
|  14|0x000000070c400000, 0x000000070c400000, 0x000000070c600000|  0%| F|  |TAMS 0x000000070c400000| PB 0x000000070c400000| Untracked |  0
|  15|0x000000070c600000, 0x000000070c600000, 0x000000070c800000|  0%| F|  |TAMS 0x000000070c600000| PB 0x000000070c600000| Untracked |  0
|  16|0x000000070c800000, 0x000000070c800000, 0x000000070ca00000|  0%| F|  |TAMS 0x000000070c800000| PB 0x000000070c800000| Untracked |  0
|  17|0x000000070ca00000, 0x000000070ca00000, 0x000000070cc00000|  0%| F|  |TAMS 0x000000070ca00000| PB 0x000000070ca00000| Untracked |  0
|  18|0x000000070cc00000, 0x000000070cc00000, 0x000000070ce00000|  0%| F|  |TAMS 0x000000070cc00000| PB 0x000000070cc00000| Untracked |  0
|  19|0x000000070ce00000, 0x000000070ce00000, 0x000000070d000000|  0%| F|  |TAMS 0x000000070ce00000| PB 0x000000070ce00000| Untracked |  0
|  20|0x000000070d000000, 0x000000070d000000, 0x000000070d200000|  0%| F|  |TAMS 0x000000070d000000| PB 0x000000070d000000| Untracked |  0
|  21|0x000000070d200000, 0x000000070d200000, 0x000000070d400000|  0%| F|  |TAMS 0x000000070d200000| PB 0x000000070d200000| Untracked |  0
|  22|0x000000070d400000, 0x000000070d400000, 0x000000070d600000|  0%| F|  |TAMS 0x000000070d400000| PB 0x000000070d400000| Untracked |  0
|  23|0x000000070d600000, 0x000000070d600000, 0x000000070d800000|  0%| F|  |TAMS 0x000000070d600000| PB 0x000000070d600000| Untracked |  0
|  24|0x000000070d800000, 0x000000070d800000, 0x000000070da00000|  0%| F|  |TAMS 0x000000070d800000| PB 0x000000070d800000| Untracked |  0
|  25|0x000000070da00000, 0x000000070da00000, 0x000000070dc00000|  0%| F|  |TAMS 0x000000070da00000| PB 0x000000070da00000| Untracked |  0
|  26|0x000000070dc00000, 0x000000070dc00000, 0x000000070de00000|  0%| F|  |TAMS 0x000000070dc00000| PB 0x000000070dc00000| Untracked |  0
|  27|0x000000070de00000, 0x000000070de00000, 0x000000070e000000|  0%| F|  |TAMS 0x000000070de00000| PB 0x000000070de00000| Untracked |  0
|  28|0x000000070e000000, 0x000000070e000000, 0x000000070e200000|  0%| F|  |TAMS 0x000000070e000000| PB 0x000000070e000000| Untracked |  0
|  29|0x000000070e200000, 0x000000070e200000, 0x000000070e400000|  0%| F|  |TAMS 0x000000070e200000| PB 0x000000070e200000| Untracked |  0
|  30|0x000000070e400000, 0x000000070e400000, 0x000000070e600000|  0%| F|  |TAMS 0x000000070e400000| PB 0x000000070e400000| Untracked |  0
|  31|0x000000070e600000, 0x000000070e600000, 0x000000070e800000|  0%| F|  |TAMS 0x000000070e600000| PB 0x000000070e600000| Untracked |  0
|  32|0x000000070e800000, 0x000000070e800000, 0x000000070ea00000|  0%| F|  |TAMS 0x000000070e800000| PB 0x000000070e800000| Untracked |  0
|  33|0x000000070ea00000, 0x000000070ea00000, 0x000000070ec00000|  0%| F|  |TAMS 0x000000070ea00000| PB 0x000000070ea00000| Untracked |  0
|  34|0x000000070ec00000, 0x000000070ec00000, 0x000000070ee00000|  0%| F|  |TAMS 0x000000070ec00000| PB 0x000000070ec00000| Untracked |  0
|  35|0x000000070ee00000, 0x000000070ee00000, 0x000000070f000000|  0%| F|  |TAMS 0x000000070ee00000| PB 0x000000070ee00000| Untracked |  0
|  36|0x000000070f000000, 0x000000070f000000, 0x000000070f200000|  0%| F|  |TAMS 0x000000070f000000| PB 0x000000070f000000| Untracked |  0
|  37|0x000000070f200000, 0x000000070f200000, 0x000000070f400000|  0%| F|  |TAMS 0x000000070f200000| PB 0x000000070f200000| Untracked |  0
|  38|0x000000070f400000, 0x000000070f400000, 0x000000070f600000|  0%| F|  |TAMS 0x000000070f400000| PB 0x000000070f400000| Untracked |  0
|  39|0x000000070f600000, 0x000000070f600000, 0x000000070f800000|  0%| F|  |TAMS 0x000000070f600000| PB 0x000000070f600000| Untracked |  0
|  40|0x000000070f800000, 0x000000070f800000, 0x000000070fa00000|  0%| F|  |TAMS 0x000000070f800000| PB 0x000000070f800000| Untracked |  0
|  41|0x000000070fa00000, 0x000000070fa00000, 0x000000070fc00000|  0%| F|  |TAMS 0x000000070fa00000| PB 0x000000070fa00000| Untracked |  0
|  42|0x000000070fc00000, 0x000000070fc00000, 0x000000070fe00000|  0%| F|  |TAMS 0x000000070fc00000| PB 0x000000070fc00000| Untracked |  0
|  43|0x000000070fe00000, 0x000000070fe00000, 0x0000000710000000|  0%| F|  |TAMS 0x000000070fe00000| PB 0x000000070fe00000| Untracked |  0
|  44|0x0000000710000000, 0x0000000710000000, 0x0000000710200000|  0%| F|  |TAMS 0x0000000710000000| PB 0x0000000710000000| Untracked |  0
|  45|0x0000000710200000, 0x0000000710200000, 0x0000000710400000|  0%| F|  |TAMS 0x0000000710200000| PB 0x0000000710200000| Untracked |  0
|  46|0x0000000710400000, 0x0000000710400000, 0x0000000710600000|  0%| F|  |TAMS 0x0000000710400000| PB 0x0000000710400000| Untracked |  0
|  47|0x0000000710600000, 0x0000000710600000, 0x0000000710800000|  0%| F|  |TAMS 0x0000000710600000| PB 0x0000000710600000| Untracked |  0
|  48|0x0000000710800000, 0x0000000710800000, 0x0000000710a00000|  0%| F|  |TAMS 0x0000000710800000| PB 0x0000000710800000| Untracked |  0
|  49|0x0000000710a00000, 0x0000000710a00000, 0x0000000710c00000|  0%| F|  |TAMS 0x0000000710a00000| PB 0x0000000710a00000| Untracked |  0
|  50|0x0000000710c00000, 0x0000000710c00000, 0x0000000710e00000|  0%| F|  |TAMS 0x0000000710c00000| PB 0x0000000710c00000| Untracked |  0
|  51|0x0000000710e00000, 0x0000000710e00000, 0x0000000711000000|  0%| F|  |TAMS 0x0000000710e00000| PB 0x0000000710e00000| Untracked |  0
|  52|0x0000000711000000, 0x0000000711000000, 0x0000000711200000|  0%| F|  |TAMS 0x0000000711000000| PB 0x0000000711000000| Untracked |  0
|  53|0x0000000711200000, 0x0000000711200000, 0x0000000711400000|  0%| F|  |TAMS 0x0000000711200000| PB 0x0000000711200000| Untracked |  0
|  54|0x0000000711400000, 0x0000000711400000, 0x0000000711600000|  0%| F|  |TAMS 0x0000000711400000| PB 0x0000000711400000| Untracked |  0
|  55|0x0000000711600000, 0x0000000711600000, 0x0000000711800000|  0%| F|  |TAMS 0x0000000711600000| PB 0x0000000711600000| Untracked |  0
|  56|0x0000000711800000, 0x0000000711800000, 0x0000000711a00000|  0%| F|  |TAMS 0x0000000711800000| PB 0x0000000711800000| Untracked |  0
|  57|0x0000000711a00000, 0x0000000711a00000, 0x0000000711c00000|  0%| F|  |TAMS 0x0000000711a00000| PB 0x0000000711a00000| Untracked |  0
|  58|0x0000000711c00000, 0x0000000711c00000, 0x0000000711e00000|  0%| F|  |TAMS 0x0000000711c00000| PB 0x0000000711c00000| Untracked |  0
|  59|0x0000000711e00000, 0x0000000711e00000, 0x0000000712000000|  0%| F|  |TAMS 0x0000000711e00000| PB 0x0000000711e00000| Untracked |  0
|  60|0x0000000712000000, 0x0000000712000000, 0x0000000712200000|  0%| F|  |TAMS 0x0000000712000000| PB 0x0000000712000000| Untracked |  0
|  61|0x0000000712200000, 0x0000000712200000, 0x0000000712400000|  0%| F|  |TAMS 0x0000000712200000| PB 0x0000000712200000| Untracked |  0
|  62|0x0000000712400000, 0x0000000712400000, 0x0000000712600000|  0%| F|  |TAMS 0x0000000712400000| PB 0x0000000712400000| Untracked |  0
|  63|0x0000000712600000, 0x0000000712600000, 0x0000000712800000|  0%| F|  |TAMS 0x0000000712600000| PB 0x0000000712600000| Untracked |  0
|  64|0x0000000712800000, 0x0000000712800000, 0x0000000712a00000|  0%| F|  |TAMS 0x0000000712800000| PB 0x0000000712800000| Untracked |  0
|  65|0x0000000712a00000, 0x0000000712a00000, 0x0000000712c00000|  0%| F|  |TAMS 0x0000000712a00000| PB 0x0000000712a00000| Untracked |  0
|  66|0x0000000712c00000, 0x0000000712c00000, 0x0000000712e00000|  0%| F|  |TAMS 0x0000000712c00000| PB 0x0000000712c00000| Untracked |  0
|  67|0x0000000712e00000, 0x0000000712e00000, 0x0000000713000000|  0%| F|  |TAMS 0x0000000712e00000| PB 0x0000000712e00000| Untracked |  0
|  68|0x0000000713000000, 0x0000000713000000, 0x0000000713200000|  0%| F|  |TAMS 0x0000000713000000| PB 0x0000000713000000| Untracked |  0
|  69|0x0000000713200000, 0x0000000713200000, 0x0000000713400000|  0%| F|  |TAMS 0x0000000713200000| PB 0x0000000713200000| Untracked |  0
|  70|0x0000000713400000, 0x0000000713400000, 0x0000000713600000|  0%| F|  |TAMS 0x0000000713400000| PB 0x0000000713400000| Untracked |  0
|  71|0x0000000713600000, 0x0000000713600000, 0x0000000713800000|  0%| F|  |TAMS 0x0000000713600000| PB 0x0000000713600000| Untracked |  0
|  72|0x0000000713800000, 0x0000000713800000, 0x0000000713a00000|  0%| F|  |TAMS 0x0000000713800000| PB 0x0000000713800000| Untracked |  0
|  73|0x0000000713a00000, 0x0000000713a00000, 0x0000000713c00000|  0%| F|  |TAMS 0x0000000713a00000| PB 0x0000000713a00000| Untracked |  0
|  74|0x0000000713c00000, 0x0000000713c00000, 0x0000000713e00000|  0%| F|  |TAMS 0x0000000713c00000| PB 0x0000000713c00000| Untracked |  0
|  75|0x0000000713e00000, 0x0000000713e00000, 0x0000000714000000|  0%| F|  |TAMS 0x0000000713e00000| PB 0x0000000713e00000| Untracked |  0
|  76|0x0000000714000000, 0x0000000714000000, 0x0000000714200000|  0%| F|  |TAMS 0x0000000714000000| PB 0x0000000714000000| Untracked |  0
|  77|0x0000000714200000, 0x0000000714200000, 0x0000000714400000|  0%| F|  |TAMS 0x0000000714200000| PB 0x0000000714200000| Untracked |  0
|  78|0x0000000714400000, 0x0000000714400000, 0x0000000714600000|  0%| F|  |TAMS 0x0000000714400000| PB 0x0000000714400000| Untracked |  0
|  79|0x0000000714600000, 0x0000000714600000, 0x0000000714800000|  0%| F|  |TAMS 0x0000000714600000| PB 0x0000000714600000| Untracked |  0
|  80|0x0000000714800000, 0x0000000714800000, 0x0000000714a00000|  0%| F|  |TAMS 0x0000000714800000| PB 0x0000000714800000| Untracked |  0
|  81|0x0000000714a00000, 0x0000000714a00000, 0x0000000714c00000|  0%| F|  |TAMS 0x0000000714a00000| PB 0x0000000714a00000| Untracked |  0
|  82|0x0000000714c00000, 0x0000000714c00000, 0x0000000714e00000|  0%| F|  |TAMS 0x0000000714c00000| PB 0x0000000714c00000| Untracked |  0
|  83|0x0000000714e00000, 0x0000000714e00000, 0x0000000715000000|  0%| F|  |TAMS 0x0000000714e00000| PB 0x0000000714e00000| Untracked |  0
|  84|0x0000000715000000, 0x0000000715000000, 0x0000000715200000|  0%| F|  |TAMS 0x0000000715000000| PB 0x0000000715000000| Untracked |  0
|  85|0x0000000715200000, 0x0000000715200000, 0x0000000715400000|  0%| F|  |TAMS 0x0000000715200000| PB 0x0000000715200000| Untracked |  0
|  86|0x0000000715400000, 0x0000000715400000, 0x0000000715600000|  0%| F|  |TAMS 0x0000000715400000| PB 0x0000000715400000| Untracked |  0
|  87|0x0000000715600000, 0x0000000715600000, 0x0000000715800000|  0%| F|  |TAMS 0x0000000715600000| PB 0x0000000715600000| Untracked |  0
|  88|0x0000000715800000, 0x0000000715800000, 0x0000000715a00000|  0%| F|  |TAMS 0x0000000715800000| PB 0x0000000715800000| Untracked |  0
|  89|0x0000000715a00000, 0x0000000715a00000, 0x0000000715c00000|  0%| F|  |TAMS 0x0000000715a00000| PB 0x0000000715a00000| Untracked |  0
|  90|0x0000000715c00000, 0x0000000715c00000, 0x0000000715e00000|  0%| F|  |TAMS 0x0000000715c00000| PB 0x0000000715c00000| Untracked |  0
|  91|0x0000000715e00000, 0x0000000715e00000, 0x0000000716000000|  0%| F|  |TAMS 0x0000000715e00000| PB 0x0000000715e00000| Untracked |  0
|  92|0x0000000716000000, 0x0000000716000000, 0x0000000716200000|  0%| F|  |TAMS 0x0000000716000000| PB 0x0000000716000000| Untracked |  0
|  93|0x0000000716200000, 0x0000000716200000, 0x0000000716400000|  0%| F|  |TAMS 0x0000000716200000| PB 0x0000000716200000| Untracked |  0
|  94|0x0000000716400000, 0x0000000716400000, 0x0000000716600000|  0%| F|  |TAMS 0x0000000716400000| PB 0x0000000716400000| Untracked |  0
|  95|0x0000000716600000, 0x0000000716600000, 0x0000000716800000|  0%| F|  |TAMS 0x0000000716600000| PB 0x0000000716600000| Untracked |  0
|  96|0x0000000716800000, 0x0000000716800000, 0x0000000716a00000|  0%| F|  |TAMS 0x0000000716800000| PB 0x0000000716800000| Untracked |  0
|  97|0x0000000716a00000, 0x0000000716a00000, 0x0000000716c00000|  0%| F|  |TAMS 0x0000000716a00000| PB 0x0000000716a00000| Untracked |  0
|  98|0x0000000716c00000, 0x0000000716c00000, 0x0000000716e00000|  0%| F|  |TAMS 0x0000000716c00000| PB 0x0000000716c00000| Untracked |  0
|  99|0x0000000716e00000, 0x0000000716e00000, 0x0000000717000000|  0%| F|  |TAMS 0x0000000716e00000| PB 0x0000000716e00000| Untracked |  0
| 100|0x0000000717000000, 0x0000000717000000, 0x0000000717200000|  0%| F|  |TAMS 0x0000000717000000| PB 0x0000000717000000| Untracked |  0
| 101|0x0000000717200000, 0x0000000717200000, 0x0000000717400000|  0%| F|  |TAMS 0x0000000717200000| PB 0x0000000717200000| Untracked |  0
| 102|0x0000000717400000, 0x0000000717400000, 0x0000000717600000|  0%| F|  |TAMS 0x0000000717400000| PB 0x0000000717400000| Untracked |  0
| 103|0x0000000717600000, 0x0000000717600000, 0x0000000717800000|  0%| F|  |TAMS 0x0000000717600000| PB 0x0000000717600000| Untracked |  0
| 104|0x0000000717800000, 0x0000000717800000, 0x0000000717a00000|  0%| F|  |TAMS 0x0000000717800000| PB 0x0000000717800000| Untracked |  0
| 105|0x0000000717a00000, 0x0000000717a00000, 0x0000000717c00000|  0%| F|  |TAMS 0x0000000717a00000| PB 0x0000000717a00000| Untracked |  0
| 106|0x0000000717c00000, 0x0000000717c00000, 0x0000000717e00000|  0%| F|  |TAMS 0x0000000717c00000| PB 0x0000000717c00000| Untracked |  0
| 107|0x0000000717e00000, 0x0000000717e00000, 0x0000000718000000|  0%| F|  |TAMS 0x0000000717e00000| PB 0x0000000717e00000| Untracked |  0
| 108|0x0000000718000000, 0x0000000718000000, 0x0000000718200000|  0%| F|  |TAMS 0x0000000718000000| PB 0x0000000718000000| Untracked |  0
| 109|0x0000000718200000, 0x0000000718200000, 0x0000000718400000|  0%| F|  |TAMS 0x0000000718200000| PB 0x0000000718200000| Untracked |  0
| 110|0x0000000718400000, 0x0000000718400000, 0x0000000718600000|  0%| F|  |TAMS 0x0000000718400000| PB 0x0000000718400000| Untracked |  0
| 111|0x0000000718600000, 0x000000071867ae38, 0x0000000718800000| 24%| E|  |TAMS 0x0000000718600000| PB 0x0000000718600000| Complete |  0
| 112|0x0000000718800000, 0x0000000718a00000, 0x0000000718a00000|100%| E|CS|TAMS 0x0000000718800000| PB 0x0000000718800000| Complete |  0
| 113|0x0000000718a00000, 0x0000000718c00000, 0x0000000718c00000|100%| E|CS|TAMS 0x0000000718a00000| PB 0x0000000718a00000| Complete |  0
| 114|0x0000000718c00000, 0x0000000718e00000, 0x0000000718e00000|100%| E|CS|TAMS 0x0000000718c00000| PB 0x0000000718c00000| Complete |  0
| 115|0x0000000718e00000, 0x0000000719000000, 0x0000000719000000|100%| E|CS|TAMS 0x0000000718e00000| PB 0x0000000718e00000| Complete |  0
| 116|0x0000000719000000, 0x0000000719200000, 0x0000000719200000|100%| E|CS|TAMS 0x0000000719000000| PB 0x0000000719000000| Complete |  0
| 117|0x0000000719200000, 0x0000000719400000, 0x0000000719400000|100%| E|CS|TAMS 0x0000000719200000| PB 0x0000000719200000| Complete |  0
| 118|0x0000000719400000, 0x0000000719600000, 0x0000000719600000|100%| E|CS|TAMS 0x0000000719400000| PB 0x0000000719400000| Complete |  0
| 119|0x0000000719600000, 0x0000000719800000, 0x0000000719800000|100%| E|CS|TAMS 0x0000000719600000| PB 0x0000000719600000| Complete |  0
| 120|0x0000000719800000, 0x0000000719a00000, 0x0000000719a00000|100%| E|  |TAMS 0x0000000719800000| PB 0x0000000719800000| Complete |  0
| 121|0x0000000719a00000, 0x0000000719c00000, 0x0000000719c00000|100%| E|CS|TAMS 0x0000000719a00000| PB 0x0000000719a00000| Complete |  0
| 122|0x0000000719c00000, 0x0000000719e00000, 0x0000000719e00000|100%| E|CS|TAMS 0x0000000719c00000| PB 0x0000000719c00000| Complete |  0

Card table byte_map: [0x000001d2807b0000,0x000001d280f60000] _byte_map_base: 0x000001d27cf5c000

Marking Bits: (CMBitMap*) 0x000001d2e5dde5d0
 Bits: [0x000001d280f60000, 0x000001d284cc0000)

Polling page: 0x000001d2e6090000

Metaspace:

Usage:
  Non-class:      5.33 MB used.
      Class:    316.66 KB used.
       Both:      5.64 MB used.

Virtual space:
  Non-class space:       64.00 MB reserved,       5.44 MB (  8%) committed,  1 nodes.
      Class space:        1.00 GB reserved,     384.00 KB ( <1%) committed,  1 nodes.
             Both:        1.06 GB reserved,       5.81 MB ( <1%) committed. 

Chunk freelists:
   Non-Class:  8.44 MB
       Class:  15.53 MB
        Both:  23.97 MB

MaxMetaspaceSize: unlimited
CompressedClassSpaceSize: 1.00 GB
Initial GC threshold: 21.00 MB
Current GC threshold: 21.00 MB
CDS: on
 - commit_granule_bytes: 65536.
 - commit_granule_words: 8192.
 - virtual_space_node_default_size: 8388608.
 - enlarge_chunks_in_place: 1.
 - use_allocation_guard: 0.


Internal statistics:

num_allocs_failed_limit: 0.
num_arena_births: 128.
num_arena_deaths: 0.
num_vsnodes_births: 2.
num_vsnodes_deaths: 0.
num_space_committed: 92.
num_space_uncommitted: 0.
num_chunks_returned_to_freelist: 0.
num_chunks_taken_from_freelist: 294.
num_chunk_merges: 0.
num_chunk_splits: 198.
num_chunks_enlarged: 128.
num_inconsistent_stats: 0.

CodeHeap 'non-profiled nmethods': size=119168Kb used=320Kb max_used=320Kb free=118847Kb
 bounds [0x000001d2f7820000, 0x000001d2f7a90000, 0x000001d2fec80000]
CodeHeap 'profiled nmethods': size=119104Kb used=1965Kb max_used=1965Kb free=117138Kb
 bounds [0x000001d2efc80000, 0x000001d2efef0000, 0x000001d2f70d0000]
CodeHeap 'non-nmethods': size=7488Kb used=3824Kb max_used=3846Kb free=3663Kb
 bounds [0x000001d2f70d0000, 0x000001d2f74a0000, 0x000001d2f7820000]
 total_blobs=2204 nmethods=1156 adapters=950
 compilation: enabled
              stopped_count=0, restarted_count=0
 full_count=0

Compilation events (20 events):
Event: 3.041 Thread 0x000001d287ac6130 nmethod 1149 0x000001d2efe69110 code [0x000001d2efe692c0, 0x000001d2efe69610]
Event: 3.041 Thread 0x000001d287ac6130 1153       3       java.util.zip.ZipUtils::CENTIM (9 bytes)
Event: 3.041 Thread 0x000001d287bed800 1152       3       java.util.zip.ZipEntry::<init> (84 bytes)
Event: 3.041 Thread 0x000001d2cd11e2e0 1154       3       java.util.zip.ZipUtils::CENCRC (9 bytes)
Event: 3.041 Thread 0x000001d287bee100 1155       3       java.util.zip.ZipUtils::CENVEM_FA (8 bytes)
Event: 3.041 Thread 0x000001d287bee100 nmethod 1155 0x000001d2efe69790 code [0x000001d2efe69920, 0x000001d2efe69a98]
Event: 3.041 Thread 0x000001d287ac6130 nmethod 1153 0x000001d2efe69b90 code [0x000001d2efe69d40, 0x000001d2efe6a020]
Event: 3.041 Thread 0x000001d2cd11e2e0 nmethod 1154 0x000001d2efe6a190 code [0x000001d2efe6a340, 0x000001d2efe6a620]
Event: 3.041 Thread 0x000001d287bee100 1156       3       java.util.zip.ZipUtils::CH (8 bytes)
Event: 3.041 Thread 0x000001d287bed800 nmethod 1152 0x000001d2efe6a790 code [0x000001d2efe6a9a0, 0x000001d2efe6af30]
Event: 3.041 Thread 0x000001d287bee100 nmethod 1156 0x000001d2efe6b190 code [0x000001d2efe6b320, 0x000001d2efe6b438]
Event: 3.041 Thread 0x000001d2d64ae120 1144       4       java.util.Arrays::equals (57 bytes)
Event: 3.044 Thread 0x000001d2d64ae120 nmethod 1144 0x000001d2f786ab10 code [0x000001d2f786aca0, 0x000001d2f786ae98]
Event: 3.044 Thread 0x000001d2d64ae120 1143       4       jdk.internal.util.StrongReferenceKey::hashCode (8 bytes)
Event: 3.051 Thread 0x000001d2d64ae120 nmethod 1143 0x000001d2f786b090 code [0x000001d2f786b280, 0x000001d2f786b7d8]
Event: 3.051 Thread 0x000001d2d64ae120 1145       4       java.lang.invoke.MethodType::equals (27 bytes)
Event: 3.055 Thread 0x000001d2d64ae120 nmethod 1145 0x000001d2f786bb90 code [0x000001d2f786bd40, 0x000001d2f786c020]
Event: 3.055 Thread 0x000001d2d64ae120 1146       4       java.util.HashMap$HashIterator::hasNext (13 bytes)
Event: 3.056 Thread 0x000001d2d64ae120 nmethod 1146 0x000001d2f786c290 code [0x000001d2f786c400, 0x000001d2f786c490]
Event: 3.056 Thread 0x000001d2d64ae120 1147   !   4       java.lang.invoke.MemberName::getFieldType (178 bytes)

GC Heap History (0 events):
No events

Dll operation events (11 events):
Event: 0.043 Loaded shared library C:\Users\samkr\.jdks\openjdk-22.0.2\bin\java.dll
Event: 0.045 Loaded shared library C:\Users\samkr\.jdks\openjdk-22.0.2\bin\zip.dll
Event: 0.089 Loaded shared library C:\Users\samkr\.jdks\openjdk-22.0.2\bin\jsvml.dll
Event: 0.856 Loaded shared library C:\Users\samkr\.jdks\openjdk-22.0.2\bin\instrument.dll
Event: 0.927 Loaded shared library C:\Users\samkr\.jdks\openjdk-22.0.2\bin\net.dll
Event: 0.929 Loaded shared library C:\Users\samkr\.jdks\openjdk-22.0.2\bin\nio.dll
Event: 0.949 Loaded shared library C:\Users\samkr\.jdks\openjdk-22.0.2\bin\zip.dll
Event: 0.984 Loaded shared library C:\Users\samkr\.jdks\openjdk-22.0.2\bin\verify.dll
Event: 1.181 Loaded shared library C:\Users\samkr\.jdks\openjdk-22.0.2\bin\jimage.dll
Event: 1.352 Loaded shared library C:\Users\samkr\AppData\Local\Temp\lwjglsamkr\3.2.3-build-13\lwjgl.dll
Event: 2.122 Loaded shared library C:\Users\samkr\AppData\Local\Temp\lwjglsamkr\3.2.3-build-13\lwjgl_opengl.dll

Deoptimization events (20 events):
Event: 0.882 Thread 0x000001d2e5d16ec0 Uncommon trap: trap_request=0xffffff45 fr.pc=0x000001d2f783167c relative=0x00000000000000dc
Event: 0.882 Thread 0x000001d2e5d16ec0 Uncommon trap: reason=unstable_if action=reinterpret pc=0x000001d2f783167c method=java.lang.String.isLatin1()Z @ 10 c2
Event: 0.882 Thread 0x000001d2e5d16ec0 DEOPT PACKING pc=0x000001d2f783167c sp=0x00000093f26fed90
Event: 0.882 Thread 0x000001d2e5d16ec0 DEOPT UNPACKING pc=0x000001d2f71246a2 sp=0x00000093f26fece0 mode 2
Event: 1.210 Thread 0x000001d2e5d16ec0 Uncommon trap: trap_request=0xffffff45 fr.pc=0x000001d2f7846a00 relative=0x0000000000000160
Event: 1.210 Thread 0x000001d2e5d16ec0 Uncommon trap: reason=unstable_if action=reinterpret pc=0x000001d2f7846a00 method=java.util.concurrent.locks.ReentrantLock$NonfairSync.initialTryLock()Z @ 10 c2
Event: 1.210 Thread 0x000001d2e5d16ec0 DEOPT PACKING pc=0x000001d2f7846a00 sp=0x00000093f26feb90
Event: 1.210 Thread 0x000001d2e5d16ec0 DEOPT UNPACKING pc=0x000001d2f71246a2 sp=0x00000093f26feb38 mode 2
Event: 1.211 Thread 0x000001d2e5d16ec0 Uncommon trap: trap_request=0xffffff45 fr.pc=0x000001d2f7846d78 relative=0x00000000000000d8
Event: 1.211 Thread 0x000001d2e5d16ec0 Uncommon trap: reason=unstable_if action=reinterpret pc=0x000001d2f7846d78 method=java.util.concurrent.locks.ReentrantLock$Sync.tryRelease(I)Z @ 26 c2
Event: 1.211 Thread 0x000001d2e5d16ec0 DEOPT PACKING pc=0x000001d2f7846d78 sp=0x00000093f26feb80
Event: 1.211 Thread 0x000001d2e5d16ec0 DEOPT UNPACKING pc=0x000001d2f71246a2 sp=0x00000093f26feb30 mode 2
Event: 1.216 Thread 0x000001d2e5d16ec0 DEOPT PACKING pc=0x000001d2efcb0af7 sp=0x00000093f26fde20
Event: 1.216 Thread 0x000001d2e5d16ec0 DEOPT UNPACKING pc=0x000001d2f7124e42 sp=0x00000093f26fd240 mode 0
Event: 2.897 Thread 0x000001d2e5d16ec0 DEOPT PACKING pc=0x000001d2efd1b031 sp=0x00000093f26fd930
Event: 2.897 Thread 0x000001d2e5d16ec0 DEOPT UNPACKING pc=0x000001d2f7124e42 sp=0x00000093f26fcd90 mode 0
Event: 2.933 Thread 0x000001d2e5d16ec0 Uncommon trap: trap_request=0xffffff54 fr.pc=0x000001d2f785d478 relative=0x0000000000000078
Event: 2.933 Thread 0x000001d2e5d16ec0 Uncommon trap: reason=speculate_null_assert action=make_not_entrant pc=0x000001d2f785d478 method=sun.misc.Unsafe.putLong(Ljava/lang/Object;JJ)V @ 7 c2
Event: 2.933 Thread 0x000001d2e5d16ec0 DEOPT PACKING pc=0x000001d2f785d478 sp=0x00000093f26fec70
Event: 2.933 Thread 0x000001d2e5d16ec0 DEOPT UNPACKING pc=0x000001d2f71246a2 sp=0x00000093f26fec08 mode 2

Classes loaded (20 events):
Event: 2.911 Loading class org/lwjgl/opengl/NVCopyImage
Event: 2.911 Loading class org/lwjgl/opengl/NVCopyImage done
Event: 2.912 Loading class org/lwjgl/opengl/NVDepthBufferFloat
Event: 2.912 Loading class org/lwjgl/opengl/NVDepthBufferFloat done
Event: 2.915 Loading class org/lwjgl/opengl/NVHalfFloat
Event: 2.915 Loading class org/lwjgl/opengl/NVHalfFloat done
Event: 2.921 Loading class org/lwjgl/opengl/NVPrimitiveRestart
Event: 2.921 Loading class org/lwjgl/opengl/NVPrimitiveRestart done
Event: 2.926 Loading class org/lwjgl/opengl/NVTextureBarrier
Event: 2.926 Loading class org/lwjgl/opengl/NVTextureBarrier done
Event: 2.930 Loading class org/lwjgl/opengl/OVRMultiview
Event: 2.930 Loading class org/lwjgl/opengl/OVRMultiview done
Event: 2.934 Loading class jdk/internal/reflect/MethodHandleLongFieldAccessorImpl
Event: 2.934 Loading class jdk/internal/reflect/MethodHandleLongFieldAccessorImpl done
Event: 2.936 Loading class org/lwjgl/system/CheckIntrinsics
Event: 2.936 Loading class org/lwjgl/system/CheckIntrinsics done
Event: 3.040 Loading class org/lwjgl/system/MultiReleaseMemCopy
Event: 3.040 Loading class org/lwjgl/system/MultiReleaseMemCopy done
Event: 3.041 Loading class org/lwjgl/opengl/GL11C
Event: 3.041 Loading class org/lwjgl/opengl/GL11C done

Classes unloaded (0 events):
No events

Classes redefined (0 events):
No events

Internal exceptions (20 events):
Event: 1.215 Thread 0x000001d2e5d16ec0 Exception <a 'java/lang/NoSuchMethodError'{0x0000000719535a70}: 'void java.lang.invoke.DirectMethodHandle$Holder.invokeStatic(java.lang.Object, int, long)'> (0x0000000719535a70) 
thrown [s\open\src\hotspot\share\interpreter\linkResolver.cpp, line 774]
Event: 1.258 Thread 0x000001d2e5d16ec0 Exception <a 'java/lang/NoSuchMethodError'{0x0000000719203b70}: 'void java.lang.invoke.DirectMethodHandle$Holder.invokeStatic(java.lang.Object, java.lang.Object)'> (0x0000000719203b70) 
thrown [s\open\src\hotspot\share\interpreter\linkResolver.cpp, line 774]
Event: 1.261 Thread 0x000001d2e5d16ec0 Exception <a 'java/lang/NoSuchMethodError'{0x000000071920b588}: 'void java.lang.System.load(java.lang.String, java.lang.Class)'> (0x000000071920b588) 
thrown [s\open\src\hotspot\share\interpreter\linkResolver.cpp, line 774]
Event: 1.261 Thread 0x000001d2e5d16ec0 Exception <a 'java/lang/NoSuchMethodError'{0x000000071920bfb8}: 'void java.lang.invoke.DirectMethodHandle$Holder.invokeSpecial(java.lang.Object, java.lang.Object, java.lang.Object)'> (0x000000071920bfb8) 
thrown [s\open\src\hotspot\share\interpreter\linkResolver.cpp, line 774]
Event: 1.268 Thread 0x000001d2e5d16ec0 Exception <a 'java/lang/NoSuchMethodError'{0x000000071921f9b0}: 'java.lang.Object java.lang.invoke.DirectMethodHandle$Holder.invokeStatic(java.lang.Object, java.lang.Object, int)'> (0x000000071921f9b0) 
thrown [s\open\src\hotspot\share\interpreter\linkResolver.cpp, line 774]
Event: 1.271 Thread 0x000001d2e5d16ec0 Exception <a 'java/lang/NoSuchMethodError'{0x000000071922b130}: 'void java.lang.invoke.DelegatingMethodHandle$Holder.delegate(java.lang.Object, java.lang.Object, int, java.lang.Object)'> (0x000000071922b130) 
thrown [s\open\src\hotspot\share\interpreter\linkResolver.cpp, line 774]
Event: 1.273 Thread 0x000001d2e5d16ec0 Exception <a 'java/lang/NoSuchMethodError'{0x000000071922ee70}: 'int java.lang.invoke.DirectMethodHandle$Holder.invokeSpecial(java.lang.Object, java.lang.Object, java.lang.Object)'> (0x000000071922ee70) 
thrown [s\open\src\hotspot\share\interpreter\linkResolver.cpp, line 774]
Event: 1.290 Thread 0x000001d2e5d16ec0 Exception <a 'java/lang/NoSuchMethodError'{0x000000071924afa8}: 'void java.lang.System.loadLibrary(java.lang.String, java.lang.Class)'> (0x000000071924afa8) 
thrown [s\open\src\hotspot\share\interpreter\linkResolver.cpp, line 774]
Event: 1.367 Thread 0x000001d2e5d16ec0 Exception <a 'sun/nio/fs/WindowsException'{0x00000007192e38d0}> (0x00000007192e38d0) 
thrown [s\open\src\hotspot\share\prims\jni.cpp, line 520]
Event: 1.368 Thread 0x000001d2e5d16ec0 Exception <a 'sun/nio/fs/WindowsException'{0x00000007192e4ee0}> (0x00000007192e4ee0) 
thrown [s\open\src\hotspot\share\prims\jni.cpp, line 520]
Event: 1.390 Thread 0x000001d2e5d16ec0 Exception <a 'sun/nio/fs/WindowsException'{0x00000007193064a8}> (0x00000007193064a8) 
thrown [s\open\src\hotspot\share\prims\jni.cpp, line 520]
Event: 1.390 Thread 0x000001d2e5d16ec0 Exception <a 'sun/nio/fs/WindowsException'{0x0000000719306818}> (0x0000000719306818) 
thrown [s\open\src\hotspot\share\prims\jni.cpp, line 520]
Event: 2.111 Thread 0x000001d2e5d16ec0 Exception <a 'java/lang/NoSuchMethodError'{0x0000000719050c18}: 'void java.lang.System.load(java.lang.String, java.lang.Class)'> (0x0000000719050c18) 
thrown [s\open\src\hotspot\share\interpreter\linkResolver.cpp, line 774]
Event: 2.112 Thread 0x000001d2e5d16ec0 Exception <a 'java/lang/NoSuchMethodError'{0x0000000719053668}: 'void java.lang.System.loadLibrary(java.lang.String, java.lang.Class)'> (0x0000000719053668) 
thrown [s\open\src\hotspot\share\interpreter\linkResolver.cpp, line 774]
Event: 2.120 Thread 0x000001d2e5d16ec0 Exception <a 'sun/nio/fs/WindowsException'{0x00000007190629c0}> (0x00000007190629c0) 
thrown [s\open\src\hotspot\share\prims\jni.cpp, line 520]
Event: 2.120 Thread 0x000001d2e5d16ec0 Exception <a 'sun/nio/fs/WindowsException'{0x0000000719062d70}> (0x0000000719062d70) 
thrown [s\open\src\hotspot\share\prims\jni.cpp, line 520]
Event: 2.126 Thread 0x000001d2e5d16ec0 Exception <a 'sun/nio/fs/WindowsException'{0x00000007190683b0}> (0x00000007190683b0) 
thrown [s\open\src\hotspot\share\prims\jni.cpp, line 520]
Event: 2.126 Thread 0x000001d2e5d16ec0 Exception <a 'sun/nio/fs/WindowsException'{0x0000000719068698}> (0x0000000719068698) 
thrown [s\open\src\hotspot\share\prims\jni.cpp, line 520]
Event: 2.934 Thread 0x000001d2e5d16ec0 Exception <a 'java/lang/NoSuchMethodError'{0x0000000718beb620}: 'long java.lang.invoke.DelegatingMethodHandle$Holder.reinvoke_L(java.lang.Object, java.lang.Object)'> (0x0000000718beb620) 
thrown [s\open\src\hotspot\share\interpreter\linkResolver.cpp, line 774]
Event: 2.935 Thread 0x000001d2e5d16ec0 Exception <a 'java/lang/NoSuchMethodError'{0x0000000718bf1f60}: 'long java.lang.invoke.Invokers$Holder.invokeExact_MT(java.lang.Object, java.lang.Object, java.lang.Object)'> (0x0000000718bf1f60) 
thrown [s\open\src\hotspot\share\interpreter\linkResolver.cpp, line 774]

ZGC Phase Switch (0 events):
No events

VM Operations (8 events):
Event: 0.142 Executing VM operation: HandshakeAllThreads (Deoptimize)
Event: 0.142 Executing VM operation: HandshakeAllThreads (Deoptimize) done
Event: 0.849 Executing VM operation: ChangeBreakpoints
Event: 0.849 Executing VM operation: ChangeBreakpoints done
Event: 0.852 Executing VM operation: ChangeBreakpoints
Event: 0.852 Executing VM operation: ChangeBreakpoints done
Event: 2.863 Executing VM operation: Cleanup
Event: 2.863 Executing VM operation: Cleanup done

Memory protections (0 events):
No events

Nmethod flushes (0 events):
No events

Events (20 events):
Event: 0.086 Thread 0x000001d2e5d16ec0 Thread added: 0x000001d287527490
Event: 0.086 Thread 0x000001d2e5d16ec0 Thread added: 0x000001d287528c10
Event: 0.086 Thread 0x000001d2e5d16ec0 Thread added: 0x000001d28752e4d0
Event: 0.087 Thread 0x000001d2e5d16ec0 Thread added: 0x000001d287aa39c0
Event: 0.087 Thread 0x000001d2e5d16ec0 Thread added: 0x000001d287ac6130
Event: 0.131 Thread 0x000001d2e5d16ec0 Thread added: 0x000001d287bdb240
Event: 0.141 Thread 0x000001d287ac6130 Thread added: 0x000001d287bed800
Event: 0.143 Thread 0x000001d287bed800 Thread added: 0x000001d287bee100
Event: 0.174 Thread 0x000001d2e5d16ec0 Thread added: 0x000001d287d7a7a0
Event: 0.175 Thread 0x000001d2e5d16ec0 Thread added: 0x000001d287c94220
Event: 0.175 Thread 0x000001d287d7a7a0 Thread added: 0x000001d287d123e0
Event: 0.879 Thread 0x000001d2e5d16ec0 Thread added: 0x000001d287d51910
Event: 1.151 Thread 0x000001d287bed800 Thread added: 0x000001d2cd11e2e0
Event: 1.167 Thread 0x000001d2cd11e2e0 Thread added: 0x000001d2cd115ec0
Event: 1.167 Thread 0x000001d2cd11e2e0 Thread added: 0x000001d2cd116580
Event: 1.422 Thread 0x000001d2cd116580 Thread exited: 0x000001d2cd116580
Event: 1.422 Thread 0x000001d2cd115ec0 Thread exited: 0x000001d2cd115ec0
Event: 2.428 Thread 0x000001d287ac6130 Thread added: 0x000001d2d6307cc0
Event: 2.655 Thread 0x000001d2d6307cc0 Thread exited: 0x000001d2d6307cc0
Event: 3.041 Thread 0x000001d287bee100 Thread added: 0x000001d2d64ae120


Dynamic libraries:
0x00007ff73c230000 - 0x00007ff73c23e000 	C:\Users\samkr\.jdks\openjdk-22.0.2\bin\java.exe
0x00007ff9bade0000 - 0x00007ff9bb040000 	C:\WINDOWS\SYSTEM32\ntdll.dll
0x00007ff9b8e60000 - 0x00007ff9b8f27000 	C:\WINDOWS\System32\KERNEL32.DLL
0x00007ff9b8310000 - 0x00007ff9b86da000 	C:\WINDOWS\System32\KERNELBASE.dll
0x00007ff9b7fc0000 - 0x00007ff9b810b000 	C:\WINDOWS\System32\ucrtbase.dll
0x00007ff991fa0000 - 0x00007ff991fbb000 	C:\Users\samkr\.jdks\openjdk-22.0.2\bin\VCRUNTIME140.dll
0x00007ff9b58f0000 - 0x00007ff9b5907000 	C:\Users\samkr\.jdks\openjdk-22.0.2\bin\jli.dll
0x00007ff9b9b20000 - 0x00007ff9b9cec000 	C:\WINDOWS\System32\USER32.dll
0x00007ff9a7a00000 - 0x00007ff9a7c97000 	C:\WINDOWS\WinSxS\amd64_microsoft.windows.common-controls_6595b64144ccf1df_6.0.26100.3624_none_3e086962e3345f24\COMCTL32.dll
0x00007ff9b8b10000 - 0x00007ff9b8b37000 	C:\WINDOWS\System32\win32u.dll
0x00007ff9bacf0000 - 0x00007ff9bad99000 	C:\WINDOWS\System32\msvcrt.dll
0x00007ff9ba880000 - 0x00007ff9ba8aa000 	C:\WINDOWS\System32\GDI32.dll
0x00007ff9b8110000 - 0x00007ff9b8241000 	C:\WINDOWS\System32\gdi32full.dll
0x00007ff9b86e0000 - 0x00007ff9b8783000 	C:\WINDOWS\System32\msvcp_win.dll
0x00007ff9b8f30000 - 0x00007ff9b8f5f000 	C:\WINDOWS\System32\IMM32.DLL
0x00007ff9a8530000 - 0x00007ff9a853c000 	C:\Users\samkr\.jdks\openjdk-22.0.2\bin\vcruntime140_1.dll
0x00007ff9767e0000 - 0x00007ff97686e000 	C:\Users\samkr\.jdks\openjdk-22.0.2\bin\msvcp140.dll
0x00007ff8b8d50000 - 0x00007ff8b9a99000 	C:\Users\samkr\.jdks\openjdk-22.0.2\bin\server\jvm.dll
0x00007ff9b8cb0000 - 0x00007ff9b8d62000 	C:\WINDOWS\System32\ADVAPI32.dll
0x00007ff9ba8b0000 - 0x00007ff9ba956000 	C:\WINDOWS\System32\sechost.dll
0x00007ff9b9d40000 - 0x00007ff9b9e56000 	C:\WINDOWS\System32\RPCRT4.dll
0x00007ff9b9000000 - 0x00007ff9b9074000 	C:\WINDOWS\System32\WS2_32.dll
0x00007ff9b7c50000 - 0x00007ff9b7cae000 	C:\WINDOWS\SYSTEM32\POWRPROF.dll
0x00007ff9b0ce0000 - 0x00007ff9b0ceb000 	C:\WINDOWS\SYSTEM32\VERSION.dll
0x00007ff9b0ca0000 - 0x00007ff9b0cd6000 	C:\WINDOWS\SYSTEM32\WINMM.dll
0x00007ff9b7c30000 - 0x00007ff9b7c44000 	C:\WINDOWS\SYSTEM32\UMPDC.dll
0x00007ff9b6dd0000 - 0x00007ff9b6dea000 	C:\WINDOWS\SYSTEM32\kernel.appcore.dll
0x00007ff995fe0000 - 0x00007ff995fea000 	C:\Users\samkr\.jdks\openjdk-22.0.2\bin\jimage.dll
0x00007ff9b5620000 - 0x00007ff9b5861000 	C:\WINDOWS\SYSTEM32\DBGHELP.DLL
0x00007ff9ba960000 - 0x00007ff9bace2000 	C:\WINDOWS\System32\combase.dll
0x00007ff9b9a40000 - 0x00007ff9b9b16000 	C:\WINDOWS\System32\OLEAUT32.dll
0x00007ff9a36b0000 - 0x00007ff9a36e9000 	C:\WINDOWS\SYSTEM32\dbgcore.DLL
0x00007ff9b8b40000 - 0x00007ff9b8bd9000 	C:\WINDOWS\System32\bcryptPrimitives.dll
0x00007ff976760000 - 0x00007ff97679c000 	C:\Users\samkr\.jdks\openjdk-22.0.2\bin\jdwp.dll
0x00007ff990da0000 - 0x00007ff990daf000 	C:\Users\samkr\.jdks\openjdk-22.0.2\bin\instrument.dll
0x00007ff991f80000 - 0x00007ff991f9e000 	C:\Users\samkr\.jdks\openjdk-22.0.2\bin\java.dll
0x00007ff9b9130000 - 0x00007ff9b9859000 	C:\WINDOWS\System32\SHELL32.dll
0x00007ff9b8790000 - 0x00007ff9b88f8000 	C:\WINDOWS\System32\wintypes.dll
0x00007ff9b9e60000 - 0x00007ff9b9ff6000 	C:\WINDOWS\System32\ole32.dll
0x00007ff991f10000 - 0x00007ff991f27000 	C:\Users\samkr\.jdks\openjdk-22.0.2\bin\zip.dll
0x00007ff9b5c40000 - 0x00007ff9b6492000 	C:\WINDOWS\SYSTEM32\windows.storage.dll
0x00007ff9b8d70000 - 0x00007ff9b8e5d000 	C:\WINDOWS\System32\SHCORE.dll
0x00007ff9ba300000 - 0x00007ff9ba364000 	C:\WINDOWS\System32\shlwapi.dll
0x00007ff9b7ed0000 - 0x00007ff9b7eff000 	C:\WINDOWS\SYSTEM32\profapi.dll
0x00007ff95ac60000 - 0x00007ff95ad37000 	C:\Users\samkr\.jdks\openjdk-22.0.2\bin\jsvml.dll
0x00007ff98a2e0000 - 0x00007ff98a2ec000 	C:\Users\samkr\.jdks\openjdk-22.0.2\bin\dt_socket.dll
0x00007ff9b6890000 - 0x00007ff9b68c3000 	C:\WINDOWS\SYSTEM32\IPHLPAPI.DLL
0x00007ff9b72f0000 - 0x00007ff9b735a000 	C:\WINDOWS\system32\mswsock.dll
0x00007ff9922e0000 - 0x00007ff9922f0000 	C:\Users\samkr\.jdks\openjdk-22.0.2\bin\net.dll
0x00007ff991f30000 - 0x00007ff991f46000 	C:\Users\samkr\.jdks\openjdk-22.0.2\bin\nio.dll
0x00007ff98a2d0000 - 0x00007ff98a2e0000 	C:\Users\samkr\.jdks\openjdk-22.0.2\bin\verify.dll
0x00007ff9579b0000 - 0x00007ff957a14000 	C:\Users\samkr\AppData\Local\Temp\lwjglsamkr\3.2.3-build-13\lwjgl.dll
0x00007ff957940000 - 0x00007ff9579a2000 	C:\Users\samkr\AppData\Local\Temp\lwjglsamkr\3.2.3-build-13\glfw.dll
0x00007ff9b4bc0000 - 0x00007ff9b4c6e000 	C:\WINDOWS\system32\uxtheme.dll
0x00007ff95abb0000 - 0x00007ff95abfb000 	C:\WINDOWS\SYSTEM32\dinput8.dll
0x00007ff9907f0000 - 0x00007ff990802000 	C:\WINDOWS\SYSTEM32\xinput1_4.dll
0x00007ff9b7bb0000 - 0x00007ff9b7bdd000 	C:\WINDOWS\SYSTEM32\DEVOBJ.dll
0x00007ff9b7b40000 - 0x00007ff9b7b9f000 	C:\WINDOWS\SYSTEM32\cfgmgr32.dll
0x00007ff9b5070000 - 0x00007ff9b50a6000 	C:\WINDOWS\SYSTEM32\dwmapi.dll
0x00007ff99a600000 - 0x00007ff99a7e0000 	C:\WINDOWS\SYSTEM32\inputhost.dll
0x00007ff9b45f0000 - 0x00007ff9b4716000 	C:\WINDOWS\SYSTEM32\CoreMessaging.dll
0x00007ff9b7590000 - 0x00007ff9b759c000 	C:\WINDOWS\SYSTEM32\CRYPTBASE.DLL
0x00007ff9ba000000 - 0x00007ff9ba15d000 	C:\WINDOWS\System32\MSCTF.dll
0x00007ff9b64a0000 - 0x00007ff9b64af000 	C:\WINDOWS\SYSTEM32\HID.DLL
0x00007ff9ba3f0000 - 0x00007ff9ba876000 	C:\WINDOWS\System32\SETUPAPI.DLL
0x00007ff9b8900000 - 0x00007ff9b897f000 	C:\WINDOWS\System32\WINTRUST.dll
0x00007ff9b8990000 - 0x00007ff9b8b07000 	C:\WINDOWS\System32\CRYPT32.dll
0x00007ff9b7600000 - 0x00007ff9b7613000 	C:\WINDOWS\SYSTEM32\MSASN1.dll
0x00007ff990350000 - 0x00007ff99045c000 	C:\WINDOWS\SYSTEM32\opengl32.dll
0x00007ff991710000 - 0x00007ff99173d000 	C:\WINDOWS\SYSTEM32\GLU32.dll
0x00007ff9b4e50000 - 0x00007ff9b4e97000 	C:\WINDOWS\SYSTEM32\dxcore.dll
0x00007ff9b4ea0000 - 0x00007ff9b4efe000 	C:\WINDOWS\SYSTEM32\directxdatabasehelper.dll
0x00007ff9a65b0000 - 0x00007ff9a65ca000 	C:\WINDOWS\SYSTEM32\windows.staterepositorycore.dll
0x00007ff976730000 - 0x00007ff97675e000 	C:\WINDOWS\System32\DriverStore\FileRepository\u0402401.inf_amd64_4f8380cafc758fe5\B400781\atig6pxx.dll
0x00007ff8ae8c0000 - 0x00007ff8b2d9f000 	C:\WINDOWS\System32\DriverStore\FileRepository\u0402401.inf_amd64_4f8380cafc758fe5\B400781\atio6axx.dll
0x00007ff9ae6f0000 - 0x00007ff9ae725000 	C:\WINDOWS\SYSTEM32\amdihk64.dll
0x00007ff9b7ea0000 - 0x00007ff9b7ec6000 	C:\WINDOWS\SYSTEM32\BCrypt.dll
0x00007ff99a460000 - 0x00007ff99a5a9000 	C:\WINDOWS\SYSTEM32\textinputframework.dll
0x00007ff9b1cf0000 - 0x00007ff9b1fd3000 	C:\WINDOWS\SYSTEM32\CoreUIComponents.dll
0x00007ff99bd10000 - 0x00007ff99bd7b000 	C:\WINDOWS\system32\Oleacc.dll
0x00007ff958060000 - 0x00007ff9580b9000 	C:\Users\samkr\AppData\Local\Temp\lwjglsamkr\3.2.3-build-13\lwjgl_opengl.dll

dbghelp: loaded successfully - version: 4.0.5 - missing functions: none
symbol engine: initialized successfully - sym options: 0x614 - pdb path: .;C:\Users\samkr\.jdks\openjdk-22.0.2\bin;C:\WINDOWS\SYSTEM32;C:\WINDOWS\WinSxS\amd64_microsoft.windows.common-controls_6595b64144ccf1df_6.0.26100.3624_none_3e086962e3345f24;C:\Users\samkr\.jdks\openjdk-22.0.2\bin\server;C:\Users\samkr\AppData\Local\Temp\lwjglsamkr\3.2.3-build-13;C:\WINDOWS\System32\DriverStore\FileRepository\u0402401.inf_amd64_4f8380cafc758fe5\B400781

VM Arguments:
jvm_args: -agentlib:jdwp=transport=dt_socket,address=127.0.0.1:60339,suspend=y,server=n -javaagent:C:\Users\samkr\AppData\Local\JetBrains\IdeaIC2024.2\captureAgent\debugger-agent.jar -Dkotlinx.coroutines.debug.enable.creation.stack.trace=false -Ddebugger.agent.enable.coroutines=true -Dfile.encoding=UTF-8 -Dsun.stdout.encoding=UTF-8 -Dsun.stderr.encoding=UTF-8 
java_command: com.github.jacksonhoggard.voodoo2d.game.Main
java_class_path (initial): C:\Users\samkr\Downloads\voodoo2d\target\classes;C:\Users\samkr\.m2\repository\org\lwjgl\lwjgl\3.2.3\lwjgl-3.2.3.jar;C:\Users\samkr\.m2\repository\org\lwjgl\lwjgl-assimp\3.2.3\lwjgl-assimp-3.2.3.jar;C:\Users\samkr\.m2\repository\org\lwjgl\lwjgl-glfw\3.2.3\lwjgl-glfw-3.2.3.jar;C:\Users\samkr\.m2\repository\org\lwjgl\lwjgl-openal\3.2.3\lwjgl-openal-3.2.3.jar;C:\Users\samkr\.m2\repository\org\lwjgl\lwjgl-opengl\3.2.3\lwjgl-opengl-3.2.3.jar;C:\Users\samkr\.m2\repository\org\lwjgl\lwjgl-stb\3.2.3\lwjgl-stb-3.2.3.jar;C:\Users\samkr\.m2\repository\org\lwjgl\lwjgl\3.2.3\lwjgl-3.2.3-natives-windows.jar;C:\Users\samkr\.m2\repository\org\lwjgl\lwjgl-assimp\3.2.3\lwjgl-assimp-3.2.3-natives-windows.jar;C:\Users\samkr\.m2\repository\org\lwjgl\lwjgl-glfw\3.2.3\lwjgl-glfw-3.2.3-natives-windows.jar;C:\Users\samkr\.m2\repository\org\lwjgl\lwjgl-openal\3.2.3\lwjgl-openal-3.2.3-natives-windows.jar;C:\Users\samkr\.m2\repository\org\lwjgl\lwjgl-opengl\3.2.3\lwjgl-opengl-3.2.3-natives-windows.jar;C:\Users\samkr\.m2\repository\org\lwjgl\lwjgl-stb\3.2.3\lwjgl-stb-3.2.3-natives-windows.jar;C:\Users\samkr\.m2\repository\org\joml\joml\1.9.24\joml-1.9.24.jar;C:\Program Files\JetBrains\IntelliJ IDEA Community Edition 2022.3.3\lib\idea_rt.jar
Launcher Type: SUN_STANDARD

[Global flags]
     intx CICompilerCount                          = 12                                        {product} {ergonomic}
     uint ConcGCThreads                            = 3                                         {product} {ergonomic}
     uint G1ConcRefinementThreads                  = 13                                        {product} {ergonomic}
   size_t G1HeapRegionSize                         = 2097152                                   {product} {ergonomic}
   size_t InitialHeapSize                          = 257949696                                 {product} {ergonomic}
   size_t MarkStackSize                            = 4194304                                   {product} {ergonomic}
   size_t MaxHeapSize                              = 4118806528                                {product} {ergonomic}
   size_t MaxNewSize                               = 2470445056                                {product} {ergonomic}
   size_t MinHeapDeltaBytes                        = 2097152                                   {product} {ergonomic}
   size_t MinHeapSize                              = 8388608                                   {product} {ergonomic}
    uintx NonNMethodCodeHeapSize                   = 7602480                                {pd product} {ergonomic}
    uintx NonProfiledCodeHeapSize                  = 122027880                              {pd product} {ergonomic}
    uintx ProfiledCodeHeapSize                     = 122027880                              {pd product} {ergonomic}
    uintx ReservedCodeCacheSize                    = 251658240                              {pd product} {ergonomic}
     bool SegmentedCodeCache                       = true                                      {product} {ergonomic}
   size_t SoftMaxHeapSize                          = 4118806528                             {manageable} {ergonomic}
     bool UseCompressedOops                        = true                           {product lp64_product} {ergonomic}
     bool UseG1GC                                  = true                                      {product} {ergonomic}
     bool UseLargePagesIndividualAllocation        = false                                  {pd product} {ergonomic}

Logging:
Log output configuration:
 #0: stdout all=warning uptime,level,tags foldmultilines=false
 #1: stderr all=off uptime,level,tags foldmultilines=false

Environment Variables:
PATH=C:\Program Files\Eclipse Adoptium\jdk-21.0.6.7-hotspot\bin;C:\Program Files\Common Files\Oracle\Java\javapath;C:\Program Files (x86)\Common Files\Oracle\Java\java8path;C:\Program Files (x86)\Common Files\Oracle\Java\javapath;C:\WINDOWS\system32;C:\WINDOWS;C:\WINDOWS\System32\Wbem;C:\WINDOWS\System32\WindowsPowerShell\v1.0\;C:\WINDOWS\System32\OpenSSH\;C:\Program Files\dotnet\;C:\Users\samkr\.cargo\bin;C:\Users\samkr\AppData\Local\Programs\Python\Launcher\;C:\Users\samkr\AppData\Local\Microsoft\WindowsApps;C:\Program Files\Git\cmd;C:\Program Files\PuTTY\;C:\WINDOWS\system32;C:\WINDOWS;C:\WINDOWS\System32\Wbem;C:\WINDOWS\System32\WindowsPowerShell\v1.0\;C:\WINDOWS\System32\OpenSSH\;C:\Program Files\nodejs\;C:\Users\samkr\AppData\Local\Programs\Python\Launcher\;C:\Users\samkr\.cargo\bin;C:\Users\samkr\AppData\Local\Microsoft\WindowsApps;;C:\Users\samkr\AppData\Local\Coursier\data\bin;C:\Users\samkr\AppData\Local\Microsoft\WindowsApps;C:\Users\samkr\AppData\Roaming\npm
USERNAME=samkr
OS=Windows_NT
PROCESSOR_IDENTIFIER=AMD64 Family 23 Model 104 Stepping 1, AuthenticAMD
TMP=C:\Users\samkr\AppData\Local\Temp
TEMP=C:\Users\samkr\AppData\Local\Temp




Periodic native trim disabled

---------------  S Y S T E M  ---------------

OS:
 Windows 11 , 64 bit Build 26100 (10.0.26100.3775)
OS uptime: 4 days 14:43 hours
Hyper-V role detected

CPU: total 16 (initial active 16) (16 cores per cpu, 2 threads per core) family 23 model 104 stepping 1 microcode 0x8608103, cx8, cmov, fxsr, ht, mmx, 3dnowpref, sse, sse2, sse3, ssse3, sse4a, sse4.1, sse4.2, popcnt, lzcnt, tsc, tscinvbit, avx, avx2, aes, clmul, bmi1, bmi2, adx, sha, fma, vzeroupper, clflush, clflushopt, hv, rdtscp, rdpid, f16c
Processor Information for all 16 processors :
  Max Mhz: 1801, Current Mhz: 1801, Mhz Limit: 1801

Memory: 4k page, system-wide physical 15706M (2128M free)
TotalPageFile size 39240M (AvailPageFile size 4987M)
current process WorkingSet (physical memory assigned to process): 130M, peak: 131M
current process commit charge ("private bytes"): 412M, peak: 413M

vm_info: OpenJDK 64-Bit Server VM (22.0.2+9-70) for windows-amd64 JRE (22.0.2+9-70), built on 2024-06-04T16:52:23Z by "mach5one" with MS VC++ 17.6 (VS2022)

END.
